生成启动时间为 2013/4/8 22:40:29。
     1>项目“D:\Microsoft Visual Studio 10.0\project\Fanzy_Leap\Fanzy_Leap\Fanzy_Leap.vcxproj”在节点 2 上(build 个目标)。
     1>InitializeBuildStatus:
         正在创建“Debug\Fanzy_Leap.unsuccessfulbuild”，因为已指定“AlwaysCreate”。
       ClCompile:
         d:\Microsoft Visual Studio 10.0\VC\bin\CL.exe /c /ZI /nologo /W3 /WX- /Od /Oy- /D WIN32 /D _CONSOLE /D _UNICODE /D UNICODE /Gm /EHsc /RTC1 /MD /GS /fp:precise /Zc:wchar_t /Zc:forScope /Fo"Debug\\" /Fd"Debug\vc100.pdb" /Gd /TP /analyze- /errorReport:prompt Ball.cpp ButtonClass.cpp MixSoundClass.cpp SDL_render_Chinese.cpp ScoreBoard.cpp StringData.cpp SurfaceClass.cpp Thing.cpp Timer.cpp game_loop.cpp gb2312_to_Unicode.cpp int_to_string.cpp main.cpp
         int_to_string.cpp
         gb2312_to_Unicode.cpp
         Timer.cpp
         SurfaceClass.cpp
         StringData.cpp
         SDL_render_Chinese.cpp
         MixSoundClass.cpp
         ButtonClass.cpp
         正在生成代码...
         正在编译...
         main.cpp
         正在生成代码...
         正在跳过...(未检测到相关更改)
         game_loop.cpp
         Thing.cpp
         ScoreBoard.cpp
         Ball.cpp
       ManifestResourceCompile:
         C:\Program Files (x86)\Microsoft SDKs\Windows\v7.0A\bin\rc.exe /nologo /fo"Debug\Fanzy_Leap.exe.embed.manifest.res" Debug\Fanzy_Leap_manifest.rc 
       Link:
         d:\Microsoft Visual Studio 10.0\VC\bin\link.exe /ERRORREPORT:PROMPT /OUT:"D:\Microsoft Visual Studio 10.0\project\Fanzy_Leap\Debug\Fanzy_Leap.exe" /INCREMENTAL /NOLOGO SDL.lib SDLmain.lib SDL_image.lib SDL_ttf.lib SDL_mixer.lib iconv.lib libintl.lib kernel32.lib user32.lib gdi32.lib winspool.lib comdlg32.lib advapi32.lib shell32.lib ole32.lib oleaut32.lib uuid.lib odbc32.lib odbccp32.lib /MANIFEST /ManifestFile:"Debug\Fanzy_Leap.exe.intermediate.manifest" /MANIFESTUAC:"level='asInvoker' uiAccess='false'" /DEBUG /PDB:"D:\Microsoft Visual Studio 10.0\project\Fanzy_Leap\Debug\Fanzy_Leap.pdb" /SUBSYSTEM:WINDOWS /TLBID:1 /DYNAMICBASE /NXCOMPAT /IMPLIB:"D:\Microsoft Visual Studio 10.0\project\Fanzy_Leap\Debug\Fanzy_Leap.lib" /MACHINE:X86 Debug\Fanzy_Leap.exe.embed.manifest.res
         Debug\Ball.obj
         Debug\ButtonClass.obj
         Debug\game_loop.obj
         Debug\gb2312_to_Unicode.obj
         Debug\int_to_string.obj
         Debug\main.obj
         Debug\MixSoundClass.obj
         Debug\ScoreBoard.obj
         Debug\SDL_render_Chinese.obj
         Debug\StringData.obj
         Debug\SurfaceClass.obj
         Debug\Thing.obj
         Debug\Timer.obj
       Manifest:
         C:\Program Files (x86)\Microsoft SDKs\Windows\v7.0A\bin\mt.exe /nologo /verbose /out:"Debug\Fanzy_Leap.exe.embed.manifest" /manifest Debug\Fanzy_Leap.exe.intermediate.manifest
         所有输出均为最新。
       LinkEmbedManifest:
         所有输出均为最新。
         Fanzy_Leap.vcxproj -> D:\Microsoft Visual Studio 10.0\project\Fanzy_Leap\Debug\Fanzy_Leap.exe
       FinalizeBuildStatus:
         正在删除文件“Debug\Fanzy_Leap.unsuccessfulbuild”。
         正在对“Debug\Fanzy_Leap.lastbuildstate”执行 Touch 任务。
     1>已完成生成项目“D:\Microsoft Visual Studio 10.0\project\Fanzy_Leap\Fanzy_Leap\Fanzy_Leap.vcxproj”(build 个目标)的操作。

生成成功。

已用时间 00:00:08.58
